0 info it worked if it ends with ok
1 verbose cli [ 'C:\\Program Files\\nodejs\\node.exe',
1 verbose cli   'C:\\Program Files\\nodejs\\node_modules\\npm\\bin\\npm-cli.js',
1 verbose cli   'run',
1 verbose cli   'build' ]
2 info using npm@3.10.10
3 info using node@v6.11.3
4 verbose run-script [ 'prebuild', 'build', 'postbuild' ]
5 info lifecycle visibio-client@0.0.1~prebuild: visibio-client@0.0.1
6 silly lifecycle visibio-client@0.0.1~prebuild: no script for prebuild, continuing
7 info lifecycle visibio-client@0.0.1~build: visibio-client@0.0.1
8 verbose lifecycle visibio-client@0.0.1~build: unsafe-perm in lifecycle true
9 verbose lifecycle visibio-client@0.0.1~build: PATH: C:\Program Files\nodejs\node_modules\npm\bin\node-gyp-bin;C:\Users\forlo\Desktop\Coding\SMGameDev\visibio\client\node_modules\.bin;C:\Users\forlo\bin;C:\Program Files\Git\mingw64\bin;C:\Program Files\Git\usr\local\bin;C:\Program Files\Git\usr\bin;C:\Program Files\Git\usr\bin;C:\Program Files\Git\mingw64\bin;C:\Program Files\Git\usr\bin;C:\Users\forlo\bin;C:\Program Files (x86)\Common Files\Intel\Shared Libraries\redist\intel64\compiler;C:\Program Files (x86)\Intel\iCLS Client;C:\Program Files\Intel\iCLS Client;C:\Windows\system32;C:\Windows;C:\Windows\System32\Wbem;C:\Windows\System32\WindowsPowerShell\v1.0;C:\Program Files (x86)\NVIDIA Corporation\PhysX\Common;C:\Program Files (x86)\Intel\Intel(R) Management Engine Components\DAL;C:\Program Files\Intel\Intel(R) Management Engine Components\DAL;C:\Program Files (x86)\Intel\Intel(R) Management Engine Components\IPT;C:\Program Files\Intel\Intel(R) Management Engine Components\IPT;C:\Program Files\Intel\WiFi\bin;C:\Program Files\Common Files\Intel\WirelessCommon;C:\Program Files\Microsoft SQL Server\130\Tools\Binn;C:\Program Files\dotnet;C:\Program Files (x86)\GtkSharp\2.12\bin;C:\Program Files\Git\cmd;C:\Program Files\nodejs;C:\Program Files (x86)\OpenVPN\bin;C:\Go\bin;C:\Users\forlo\.cargo\bin;C:\Users\forlo\AppData\Local\Microsoft\WindowsApps;C:\Users\forlo\AppData\Local\atom\bin;C:\Users\forlo\AppData\Local\GitHubDesktop\bin;C:\Users\forlo\AppData\Roaming\npm;C:\Program Files\Git\usr\bin\vendor_perl;C:\Program Files\Git\usr\bin\core_perl
10 verbose lifecycle visibio-client@0.0.1~build: CWD: C:\Users\forlo\Desktop\Coding\SMGameDev\visibio\client
11 silly lifecycle visibio-client@0.0.1~build: Args: [ '/d /s /c', 'webpack' ]
12 silly lifecycle visibio-client@0.0.1~build: Returned: code: 1  signal: null
13 info lifecycle visibio-client@0.0.1~build: Failed to exec build script
14 verbose stack Error: visibio-client@0.0.1 build: `webpack`
14 verbose stack Exit status 1
14 verbose stack     at EventEmitter.<anonymous> (C:\Program Files\nodejs\node_modules\npm\lib\utils\lifecycle.js:255:16)
14 verbose stack     at emitTwo (events.js:106:13)
14 verbose stack     at EventEmitter.emit (events.js:191:7)
14 verbose stack     at ChildProcess.<anonymous> (C:\Program Files\nodejs\node_modules\npm\lib\utils\spawn.js:40:14)
14 verbose stack     at emitTwo (events.js:106:13)
14 verbose stack     at ChildProcess.emit (events.js:191:7)
14 verbose stack     at maybeClose (internal/child_process.js:920:16)
14 verbose stack     at Process.ChildProcess._handle.onexit (internal/child_process.js:230:5)
15 verbose pkgid visibio-client@0.0.1
16 verbose cwd C:\Users\forlo\Desktop\Coding\SMGameDev\visibio\client
17 error Windows_NT 10.0.14393
18 error argv "C:\\Program Files\\nodejs\\node.exe" "C:\\Program Files\\nodejs\\node_modules\\npm\\bin\\npm-cli.js" "run" "build"
19 error node v6.11.3
20 error npm  v3.10.10
21 error code ELIFECYCLE
22 error visibio-client@0.0.1 build: `webpack`
22 error Exit status 1
23 error Failed at the visibio-client@0.0.1 build script 'webpack'.
23 error Make sure you have the latest version of node.js and npm installed.
23 error If you do, this is most likely a problem with the visibio-client package,
23 error not with npm itself.
23 error Tell the author that this fails on your system:
23 error     webpack
23 error You can get information on how to open an issue for this project with:
23 error     npm bugs visibio-client
23 error Or if that isn't available, you can get their info via:
23 error     npm owner ls visibio-client
23 error There is likely additional logging output above.
24 verbose exit [ 1, true ]
